#
# There is insufficient memory for the Java Runtime Environment to continue.
# Native memory allocation (mmap) failed to map 134217728 bytes. Error detail: G1 virtual space
# Possible reasons:
#   The system is out of physical RAM or swap space
#   This process is running with CompressedOops enabled, and the Java Heap may be blocking the growth of the native heap
# Possible solutions:
#   Reduce memory load on the system
#   Increase physical memory or swap space
#   Check if swap backing store is full
#   Decrease Java heap size (-Xmx/-Xms)
#   Decrease number of Java threads
#   Decrease Java thread stack sizes (-Xss)
#   Set larger code cache with -XX:ReservedCodeCacheSize=
#   JVM is running with Unscaled Compressed Oops mode in which the Java heap is
#     placed in the first 4GB address space. The Java Heap base address is the
#     maximum limit for the native heap growth. Please use -XX:HeapBaseMinAddress
#     to set the Java Heap base and to place the Java Heap above 4GB virtual address.
# This output file may be truncated or incomplete.
#
#  Out of Memory Error (os_windows.cpp:3707), pid=9984, tid=22040
#
# JRE version:  (23.0.2+7) (build )
# Java VM: Java HotSpot(TM) 64-Bit Server VM (23.0.2+7-58, mixed mode, sharing, tiered, compressed oops, compressed class ptrs, g1 gc, windows-amd64)
# No core dump will be written. Minidumps are not enabled by default on client versions of Windows
#

---------------  S U M M A R Y ------------

Command Line: -Dfile.encoding=UTF-8 -Ddb2.jcc.charsetDecoderEncoder=3 com.ibm.db2.server.DssLauncher 3000 off c:\Users\LG\AppData\Roaming\Code\logs\20250923T085725\window1\exthost\IBM.db2forzosdeveloperextension -Xmx256M

Host: Intel(R) Core(TM) i5-4200U CPU @ 1.60GHz, 4 cores, 7G,  Windows 10 , 64 bit Build 19041 (10.0.19041.5915)
Time: Tue Sep 23 08:58:50 2025 W. Central Africa Standard Time elapsed time: 0.120602 seconds (0d 0h 0m 0s)

---------------  T H R E A D  ---------------

Current thread (0x000002204d46e020):  JavaThread "Unknown thread" [_thread_in_vm, id=22040, stack(0x000000c3cbd00000,0x000000c3cbe00000) (1024K)]

Stack: [0x000000c3cbd00000,0x000000c3cbe00000]
Native frames: (J=compiled Java code, j=interpreted, Vv=VM code, C=native code)
V  [jvm.dll+0x6e0b99]  (no source info available)
V  [jvm.dll+0x87e2b3]  (no source info available)
V  [jvm.dll+0x88073e]  (no source info available)
V  [jvm.dll+0x880e13]  (no source info available)
V  [jvm.dll+0x27b006]  (no source info available)
V  [jvm.dll+0x6dd485]  (no source info available)
V  [jvm.dll+0x6d127a]  (no source info available)
V  [jvm.dll+0x35b50a]  (no source info available)
V  [jvm.dll+0x363916]  (no source info available)
V  [jvm.dll+0x34fe7e]  (no source info available)
V  [jvm.dll+0x350118]  (no source info available)
V  [jvm.dll+0x328aec]  (no source info available)
V  [jvm.dll+0x32978e]  (no source info available)
V  [jvm.dll+0x8449a5]  (no source info available)
V  [jvm.dll+0x3b9a08]  (no source info available)
V  [jvm.dll+0x82d68c]  (no source info available)
V  [jvm.dll+0x454f2e]  (no source info available)
V  [jvm.dll+0x456db1]  (no source info available)
C  [jli.dll+0x52a3]  (no source info available)
C  [ucrtbase.dll+0x21bb2]  (no source info available)
C  [KERNEL32.DLL+0x17374]  (no source info available)
C  [ntdll.dll+0x4cc91]  (no source info available)

Lock stack of current Java thread (top to bottom):


---------------  P R O C E S S  ---------------

Threads class SMR info:
_java_thread_list=0x00007ffd44594618, length=0, elements={
}

Java Threads: ( => current thread )
Total: 0

Other Threads:
  0x000002204f8842d0 WorkerThread "GC Thread#0"                     [id=9052, stack(0x000000c3cbf00000,0x000000c3cc000000) (1024K)]
  0x000002204f898fb0 ConcurrentGCThread "G1 Main Marker"            [id=11480, stack(0x000000c3cc000000,0x000000c3cc100000) (1024K)]
  0x000002204f899c70 WorkerThread "G1 Conc#0"                       [id=9112, stack(0x000000c3cc100000,0x000000c3cc200000) (1024K)]

[error occurred during error reporting (printing all threads), id 0xc0000005, EXCEPTION_ACCESS_VIOLATION (0xc0000005) at pc=0x00007ffd43cdc0da]
VM state: not at safepoint (not fully initialized)

VM Mutex/Monitor currently owned by a thread:  ([mutex/lock_event])
[0x00007ffd44614988] Heap_lock - owner thread: 0x000002204d46e020

Heap address: 0x0000000081600000, size: 2026 MB, Compressed Oops mode: 32-bit

CDS archive(s) mapped at: [0x0000000000000000-0x0000000000000000-0x0000000000000000), size 0, SharedBaseAddress: 0x0000000800000000, ArchiveRelocationMode: 1.
Narrow klass base: 0x0000000000000000, Narrow klass shift: 0, Narrow klass range: 0x0

GC Precious Log:
 CardTable entry size: 512
 Card Set container configuration: InlinePtr #cards 5 size 8 Array Of Cards #cards 10 size 36 Howl #buckets 4 coarsen threshold 1843 Howl Bitmap #cards 512 size 80 coarsen threshold 460 Card regions per heap region 1 cards per card region 2048

Heap:
 garbage-first heap   total reserved 2074624K, committed 0K, used 0K [0x0000000081600000, 0x0000000100000000)
  region size 1024K, 0 young (0K), 0 survivors (0K)

[error occurred during error reporting (printing heap information), id 0xc0000005, EXCEPTION_ACCESS_VIOLATION (0xc0000005) at pc=0x00007ffd440dc6a9]
GC Heap History (0 events):
No events

Dll operation events (1 events):
Event: 0.024 Loaded shared library C:\Program Files\Java\jdk-23\bin\java.dll

Deoptimization events (0 events):
No events

Classes loaded (0 events):
No events

Classes unloaded (0 events):
No events

Classes redefined (0 events):
No events

Internal exceptions (0 events):
No events

VM Operations (0 events):
No events

Memory protections (0 events):
No events

Nmethod flushes (0 events):
No events

Events (0 events):
No events


Dynamic libraries:
0x00007ff638ff0000 - 0x00007ff639000000 	C:\Program Files\Java\jdk-23\bin\java.exe
0x00007ffe06510000 - 0x00007ffe06708000 	C:\WINDOWS\SYSTEM32\ntdll.dll
0x00007ffe05950000 - 0x00007ffe05a12000 	C:\WINDOWS\System32\KERNEL32.DLL
0x00007ffe03ef0000 - 0x00007ffe041e6000 	C:\WINDOWS\System32\KERNELBASE.dll
0x00007ffe03cd0000 - 0x00007ffe03dd0000 	C:\WINDOWS\System32\ucrtbase.dll
0x00007ffdfcf10000 - 0x00007ffdfcf27000 	C:\Program Files\Java\jdk-23\bin\jli.dll
0x00007ffe05680000 - 0x00007ffe0581d000 	C:\WINDOWS\System32\USER32.dll
0x00007ffe041f0000 - 0x00007ffe04212000 	C:\WINDOWS\System32\win32u.dll
0x00007ffe05e90000 - 0x00007ffe05ebb000 	C:\WINDOWS\System32\GDI32.dll
0x00007ffe03bb0000 - 0x00007ffe03cc9000 	C:\WINDOWS\System32\gdi32full.dll
0x00007ffe03e50000 - 0x00007ffe03eed000 	C:\WINDOWS\System32\msvcp_win.dll
0x00007ffdf6610000 - 0x00007ffdf662b000 	C:\Program Files\Java\jdk-23\bin\VCRUNTIME140.dll
0x00007ffdebb00000 - 0x00007ffdebd9b000 	C:\WINDOWS\WinSxS\amd64_microsoft.windows.common-controls_6595b64144ccf1df_6.0.19041.6280_none_60bc30a171f2f3f3\COMCTL32.dll
0x00007ffe063f0000 - 0x00007ffe0648e000 	C:\WINDOWS\System32\msvcrt.dll
0x00007ffe064a0000 - 0x00007ffe064cf000 	C:\WINDOWS\System32\IMM32.DLL
0x00007ffdfe0a0000 - 0x00007ffdfe0ac000 	C:\Program Files\Java\jdk-23\bin\vcruntime140_1.dll
0x00007ffda0540000 - 0x00007ffda05ce000 	C:\Program Files\Java\jdk-23\bin\msvcp140.dll
0x00007ffd439a0000 - 0x00007ffd446f0000 	C:\Program Files\Java\jdk-23\bin\server\jvm.dll
0x00007ffe04620000 - 0x00007ffe046d1000 	C:\WINDOWS\System32\ADVAPI32.dll
0x00007ffe05430000 - 0x00007ffe054cf000 	C:\WINDOWS\System32\sechost.dll
0x00007ffe04a70000 - 0x00007ffe04b90000 	C:\WINDOWS\System32\RPCRT4.dll
0x00007ffe03dd0000 - 0x00007ffe03df7000 	C:\WINDOWS\System32\bcrypt.dll
0x00007ffe05600000 - 0x00007ffe0566b000 	C:\WINDOWS\System32\WS2_32.dll
0x00007ffe03a10000 - 0x00007ffe03a5b000 	C:\WINDOWS\SYSTEM32\POWRPROF.dll
0x00007ffdef890000 - 0x00007ffdef8b7000 	C:\WINDOWS\SYSTEM32\WINMM.dll
0x00007ffdf6e20000 - 0x00007ffdf6e2a000 	C:\WINDOWS\SYSTEM32\VERSION.dll
0x00007ffe039f0000 - 0x00007ffe03a02000 	C:\WINDOWS\SYSTEM32\UMPDC.dll
0x00007ffe023d0000 - 0x00007ffe023e2000 	C:\WINDOWS\SYSTEM32\kernel.appcore.dll
0x00007ffdfcf80000 - 0x00007ffdfcf8a000 	C:\Program Files\Java\jdk-23\bin\jimage.dll
0x00007ffe020e0000 - 0x00007ffe022e1000 	C:\WINDOWS\SYSTEM32\DBGHELP.DLL
0x00007ffdf4c50000 - 0x00007ffdf4c84000 	C:\WINDOWS\SYSTEM32\dbgcore.DLL
0x00007ffe04220000 - 0x00007ffe042a2000 	C:\WINDOWS\System32\bcryptPrimitives.dll
0x00007ffdb3220000 - 0x00007ffdb323e000 	C:\Program Files\Java\jdk-23\bin\java.dll
0x00007ffe05820000 - 0x00007ffe0594b000 	C:\WINDOWS\System32\ole32.dll
0x00007ffe06090000 - 0x00007ffe063e3000 	C:\WINDOWS\System32\combase.dll
0x00007ffe04b90000 - 0x00007ffe05300000 	C:\WINDOWS\System32\SHELL32.dll

dbghelp: loaded successfully - version: 4.0.5 - missing functions: none
symbol engine: initialized successfully - sym options: 0x614 - pdb path: .;C:\Program Files\Java\jdk-23\bin;C:\WINDOWS\SYSTEM32;C:\WINDOWS\WinSxS\amd64_microsoft.windows.common-controls_6595b64144ccf1df_6.0.19041.6280_none_60bc30a171f2f3f3;C:\Program Files\Java\jdk-23\bin\server

VM Arguments:
jvm_args: -Dfile.encoding=UTF-8 -Ddb2.jcc.charsetDecoderEncoder=3 
java_command: com.ibm.db2.server.DssLauncher 3000 off c:\Users\LG\AppData\Roaming\Code\logs\20250923T085725\window1\exthost\IBM.db2forzosdeveloperextension -Xmx256M
java_class_path (initial): c:\Users\LG\.vscode\extensions\ibm.db2forzosdeveloperextension-2.2.3\dist\dss-dist-2.2.3.jar;;c:\Users\LG\.vscode\extensions\ibm.db2forzosdeveloperextension-2.2.3\lib\db2jcc4.jar;c:\Users\LG\.vscode\extensions\ibm.db2forzosdeveloperextension-2.2.3\lib\sqlj4.zip
Launcher Type: SUN_STANDARD

[Global flags]
     intx CICompilerCount                          = 3                                         {product} {ergonomic}
     uint ConcGCThreads                            = 1                                         {product} {ergonomic}
     uint G1ConcRefinementThreads                  = 4                                         {product} {ergonomic}
   size_t G1HeapRegionSize                         = 1048576                                   {product} {ergonomic}
   size_t InitialHeapSize                          = 134217728                                 {product} {ergonomic}
   size_t MarkStackSize                            = 4194304                                   {product} {ergonomic}
   size_t MarkStackSizeMax                         = 536870912                                 {product} {ergonomic}
   size_t MaxHeapSize                              = 2124414976                                {product} {ergonomic}
   size_t MinHeapDeltaBytes                        = 1048576                                   {product} {ergonomic}
   size_t MinHeapSize                              = 8388608                                   {product} {ergonomic}
    uintx NonNMethodCodeHeapSize                   = 5832704                                {pd product} {ergonomic}
    uintx NonProfiledCodeHeapSize                  = 122945536                              {pd product} {ergonomic}
    uintx ProfiledCodeHeapSize                     = 122880000                              {pd product} {ergonomic}
    uintx ReservedCodeCacheSize                    = 251658240                              {pd product} {ergonomic}
     bool SegmentedCodeCache                       = true                                      {product} {ergonomic}
   size_t SoftMaxHeapSize                          = 2124414976                             {manageable} {ergonomic}
     bool UseCompressedOops                        = true                           {product lp64_product} {ergonomic}
     bool UseG1GC                                  = true                                      {product} {ergonomic}
     bool UseLargePagesIndividualAllocation        = false                                  {pd product} {ergonomic}

Logging:
Log output configuration:
 #0: stdout all=warning uptime,level,tags foldmultilines=false
 #1: stderr all=off uptime,level,tags foldmultilines=false

Environment Variables:
PATH=C:\Python313\Scripts\;C:\Python313\;C:\Program Files\Common Files\Oracle\Java\javapath;C:\WINDOWS\system32;C:\WINDOWS;C:\WINDOWS\System32\Wbem;C:\WINDOWS\System32\WindowsPowerShell\v1.0\;C:\WINDOWS\System32\OpenSSH\;C:\Program Files (x86)\Microsoft SQL Server\160\DTS\Binn\;C:\Program Files (x86)\Microsoft SQL Server\160\Tools\Binn\;C:\Program Files\Microsoft SQL Server\160\Tools\Binn\;C:\Program Files\Microsoft SQL Server\Client SDK\ODBC\170\Tools\Binn\;C:\Program Files\Microsoft SQL Server\160\DTS\Binn\;C:\Program Files\nodejs\;C:\ProgramData\chocolatey\bin;C:\Program Files\Java\jdk-23\bin;C:\Program Files\Git\cmd;C:\Python313\Scripts\;C:\Python313\;C:\Program Files\Common Files\Oracle\Java\javapath;C:\WINDOWS\system32;C:\WINDOWS;C:\WINDOWS\System32\Wbem;C:\WINDOWS\System32\WindowsPowerShell\v1.0\;C:\WINDOWS\System32\OpenSSH\;C:\Program Files (x86)\Microsoft SQL Server\160\DTS\Binn\;C:\Program Files (x86)\Microsoft SQL Server\160\Tools\Binn\;C:\Program Files\Microsoft SQL Server\160\Tools\Binn\;C:\Program Files\Microsoft SQL Server\Client SDK\ODBC\170\Tools\Binn\;C:\Program Files\Microsoft SQL Server\160\DTS\Binn\;C:\Program Files\nodejs\;C:\ProgramData\chocolatey\bin;C:\Program Files\Java\jdk-23\bin;C:\Program Files\Git\cmd;C:\Program Files (x86)\WiX Toolset v3.11\bin;C:\Users\LG\AppData\Local\Programs\Microsoft VS Code\bin
USERNAME=LG
OS=Windows_NT
PROCESSOR_IDENTIFIER=Intel64 Family 6 Model 69 Stepping 1, GenuineIntel
TMP=C:\Users\LG\AppData\Local\Temp
TEMP=C:\Users\LG\AppData\Local\Temp




Periodic native trim disabled

---------------  S Y S T E M  ---------------

OS:
 Windows 10 , 64 bit Build 19041 (10.0.19041.5915)
OS uptime: 2 days 7:38 hours

CPU: total 4 (initial active 4) (2 cores per cpu, 2 threads per core) family 6 model 69 stepping 1 microcode 0x25, cx8, cmov, fxsr, ht, mmx, sse, sse2, sse3, ssse3, sse4.1, sse4.2, popcnt, lzcnt, tsc, tscinvbit, avx, avx2, aes, erms, clmul, bmi1, bmi2, fma, vzeroupper, clflush, rdtscp, f16c
Processor Information for the first 4 processors :
  Max Mhz: 2301, Current Mhz: 2300, Mhz Limit: 2277

Memory: 4k page, system-wide physical 8099M (393M free)
TotalPageFile size 19196M (AvailPageFile size 148M)
current process WorkingSet (physical memory assigned to process): 11M, peak: 11M
current process commit charge ("private bytes"): 52M, peak: 180M

vm_info: Java HotSpot(TM) 64-Bit Server VM (23.0.2+7-58) for windows-amd64 JRE (23.0.2+7-58), built on 2024-11-29T09:34:55Z with MS VC++ 17.6 (VS2022)

END.
